#
# A fatal error has been detected by the Java Runtime Environment:
#
#  SIGSEGV (0xb) at pc=0x00007ff45cde8891, pid=902, tid=940
#
# JRE version: OpenJDK Runtime Environment (17.0.8.1+1) (build 17.0.8.1+1-Ubuntu-0ubuntu122.04)
# Java VM: OpenJDK 64-Bit Server VM (17.0.8.1+1-Ubuntu-0ubuntu122.04, mixed mode, sharing, tiered, compressed oops, compressed class ptrs, g1 gc, linux-amd64)
# Problematic frame:
# C  [temp-RotationLib1498009433244231603+0x7891]  std::enable_if<std::__and_<std::__not_<std::__is_tuple_like<Pixel> >, std::is_move_constructible<Pixel>, std::is_move_assignable<Pixel> >::value, void>::type std::swap<Pixel>(Pixel&, Pixel&)+0x4c
#
# Core dump will be written. Default location: core.902 (may not exist)
#
# If you would like to submit a bug report, please visit:
#   Unknown
# The crash happened outside the Java Virtual Machine in native code.
# See problematic frame for where to report the bug.
#

---------------  S U M M A R Y ------------

Command Line: target/imageEffectApplication-0.0.1-SNAPSHOT.jar

Host: 
[timeout occurred during error reporting in step "printing summary machine and OS info"] after 30 s.

[timeout occurred during error reporting in step "printing date and time"] after 30 s.

---------------  T H R E A D  ---------------

Current thread (0x00007ff458806730):  JavaThread "http-nio-8000-exec-2" daemon [_thread_in_native, id=940, stack(0x00007ff3da4a0000,0x00007ff3da5a0000)]

Stack: [0x00007ff3da4a0000,0x00007ff3da5a0000],  sp=0x00007ff3da59c850,  free space=1010k
Native frames: (J=compiled Java code, j=interpreted, Vv=VM code, C=native code)
C  [temp-RotationLib1498009433244231603+0x7891]  std::enable_if<std::__and_<std::__not_<std::__is_tuple_like<Pixel> >, std::is_move_constructible<Pixel>, std::is_move_assignable<Pixel> >::value, void>::type std::swap<Pixel>(Pixel&, Pixel&)+0x4c
C  [temp-RotationLib1498009433244231603+0x76ab]  rotateBy90(std::vector<std::vector<Pixel, std::allocator<Pixel> >, std::allocator<std::vector<Pixel, std::allocator<Pixel> > > >&)+0x92
C  [temp-RotationLib1498009433244231603+0x7751]  applyRotation(std::vector<std::vector<Pixel, std::allocator<Pixel> >, std::allocator<std::vector<Pixel, std::allocator<Pixel> > > >&, int)+0x25
C  [temp-RotationLib1498009433244231603+0x7e5a]  Java_com_iiitb_imageEffectApplication_libraryInterfaces_RotationInterface_applyRotation+0x2d9
j  com.iiitb.imageEffectApplication.libraryInterfaces.RotationInterface.applyRotation([[Lcom/iiitb/imageEffectApplication/libraryInterfaces/Pixel;I)[[Lcom/iiitb/imageEffectApplication/libraryInterfaces/Pixel;+0
j  com.iiitb.imageEffectApplication.service.PhotoEffectService.applyRotationEffect(ILorg/springframework/web/multipart/MultipartFile;)Lorg/springframework/http/ResponseEntity;+19
j  com.iiitb.imageEffectApplication.controller.PhotoController.applyRotationEffect(ILorg/springframework/web/multipart/MultipartFile;)Lorg/springframework/http/ResponseEntity;+6
v  ~StubRoutines::call_stub
V  [libjvm.so+0x8350d5]